2024-09-07 13:15:36.528 [info] [main] Log level: Info
2024-09-07 13:15:36.528 [info] [main] Validating found git in: "git"
2024-09-07 13:15:36.528 [info] [main] Using git "2.34.1" from "git"
2024-09-07 13:15:36.528 [info] [Model][doInitialScan] Initial repository scan started
2024-09-07 13:15:36.570 [info] > git rev-parse --show-toplevel [28ms]
2024-09-07 13:15:36.603 [info] > git rev-parse --git-dir --git-common-dir [21ms]
2024-09-07 13:15:36.616 [info] [Model][openRepository] Opened repository: /home/srj/repos/srj-17/todo-list
2024-09-07 13:15:37.122 [info] > git rev-parse --show-toplevel [493ms]
2024-09-07 13:15:37.123 [info] > git config --get commit.template [497ms]
2024-09-07 13:15:37.326 [info] > git rev-parse --show-toplevel [18ms]
2024-09-07 13:15:37.356 [info] > git rev-parse --show-toplevel [19ms]
2024-09-07 13:15:37.358 [info] [Model][doInitialScan] Initial repository scan completed - repositories (1), closed repositories (0), parent repositories (0), unsafe repositories (0)
2024-09-07 13:15:37.365 [info] > git for-each-ref --format=%(refname)%00%(upstream:short)%00%(objectname)%00%(upstream:track)%00%(upstream:remotename)%00%(upstream:remoteref) refs/heads/main refs/remotes/main [41ms]
2024-09-07 13:15:37.411 [info] > git status -z -uall [12ms]
2024-09-07 13:15:37.511 [info] > git for-each-ref --format=%(refname)%00%(upstream:short)%00%(objectname)%00%(upstream:track)%00%(upstream:remotename)%00%(upstream:remoteref) refs/heads/main refs/remotes/main [74ms]
2024-09-07 13:15:37.561 [info] > git config --local branch.main.vscode-merge-base [40ms]
2024-09-07 13:15:37.573 [info] > git config --get commit.template [62ms]
2024-09-07 13:15:37.601 [info] > git for-each-ref --format=%(refname)%00%(upstream:short)%00%(objectname)%00%(upstream:track)%00%(upstream:remotename)%00%(upstream:remoteref) refs/heads/origin/main refs/remotes/origin/main [29ms]
2024-09-07 13:15:37.618 [info] > git for-each-ref --format=%(refname)%00%(upstream:short)%00%(objectname)%00%(upstream:track)%00%(upstream:remotename)%00%(upstream:remoteref) refs/heads/main refs/remotes/main [18ms]
2024-09-07 13:15:37.621 [info] > git merge-base refs/heads/main refs/remotes/origin/main [12ms]
2024-09-07 13:15:37.655 [info] > git status -z -uall [15ms]
2024-09-07 13:15:37.674 [info] > git rev-list --count --left-right refs/heads/main...refs/remotes/origin/main [47ms]
2024-09-07 13:15:37.685 [info] > git check-ignore -v -z --stdin [33ms]
2024-09-07 13:15:37.688 [info] > git for-each-ref --format=%(refname)%00%(upstream:short)%00%(objectname)%00%(upstream:track)%00%(upstream:remotename)%00%(upstream:remoteref) refs/heads/main refs/remotes/main [17ms]
2024-09-07 13:15:37.703 [info] > git config --local branch.main.vscode-merge-base [6ms]
2024-09-07 13:15:37.709 [info] > git diff --name-status -z --diff-filter=ADMR 25d0f05ee1159487952447d9bf45f0255879bae0...refs/remotes/origin/main [26ms]
2024-09-07 13:15:37.713 [info] > git for-each-ref --format=%(refname)%00%(upstream:short)%00%(objectname)%00%(upstream:track)%00%(upstream:remotename)%00%(upstream:remoteref) refs/heads/origin/main refs/remotes/origin/main [4ms]
