2024-09-11 08:12:34.031 [info] [main] Log level: Info
2024-09-11 08:12:34.031 [info] [main] Validating found git in: "git"
2024-09-11 08:12:34.153 [info] [main] Using git "2.34.1" from "git"
2024-09-11 08:12:34.153 [info] [Model][doInitialScan] Initial repository scan started
2024-09-11 08:12:34.200 [info] > git rev-parse --show-toplevel [33ms]
2024-09-11 08:12:34.225 [info] > git rev-parse --git-dir --git-common-dir [13ms]
2024-09-11 08:12:34.269 [info] [Model][openRepository] Opened repository: /home/srj/repos/srj-17/todo-list
2024-09-11 08:12:34.656 [info] > git rev-parse --show-toplevel [354ms]
2024-09-11 08:12:34.656 [info] > git config --get commit.template [362ms]
2024-09-11 08:12:34.840 [info] > git rev-parse --show-toplevel [65ms]
2024-09-11 08:12:34.927 [info] > git for-each-ref --format=%(refname)%00%(upstream:short)%00%(objectname)%00%(upstream:track)%00%(upstream:remotename)%00%(upstream:remoteref) refs/heads/main refs/remotes/main [89ms]
2024-09-11 08:12:34.928 [info] > git rev-parse --show-toplevel [67ms]
2024-09-11 08:12:34.932 [info] [Model][doInitialScan] Initial repository scan completed - repositories (1), closed repositories (0), parent repositories (0), unsafe repositories (0)
2024-09-11 08:12:34.971 [info] > git status -z -uall [10ms]
2024-09-11 08:12:35.023 [info] > git for-each-ref --format=%(refname)%00%(upstream:short)%00%(objectname)%00%(upstream:track)%00%(upstream:remotename)%00%(upstream:remoteref) refs/heads/main refs/remotes/main [35ms]
2024-09-11 08:12:35.037 [info] > git config --get commit.template [14ms]
2024-09-11 08:12:35.044 [info] > git config --local branch.main.vscode-merge-base [11ms]
2024-09-11 08:12:35.059 [info] > git for-each-ref --format=%(refname)%00%(upstream:short)%00%(objectname)%00%(upstream:track)%00%(upstream:remotename)%00%(upstream:remoteref) refs/heads/origin/main refs/remotes/origin/main [7ms]
2024-09-11 08:12:35.070 [info] > git for-each-ref --format=%(refname)%00%(upstream:short)%00%(objectname)%00%(upstream:track)%00%(upstream:remotename)%00%(upstream:remoteref) refs/heads/main refs/remotes/main [13ms]
2024-09-11 08:12:35.107 [info] > git status -z -uall [31ms]
2024-09-11 08:12:35.138 [info] > git merge-base refs/heads/main refs/remotes/origin/main [70ms]
2024-09-11 08:12:35.155 [info] > git for-each-ref --format=%(refname)%00%(upstream:short)%00%(objectname)%00%(upstream:track)%00%(upstream:remotename)%00%(upstream:remoteref) refs/heads/main refs/remotes/main [20ms]
2024-09-11 08:12:35.209 [info] > git check-ignore -v -z --stdin [21ms]
2024-09-11 08:12:35.210 [info] > git config --local branch.main.vscode-merge-base [37ms]
2024-09-11 08:12:35.218 [info] > git rev-list --count --left-right refs/heads/main...refs/remotes/origin/main [67ms]
2024-09-11 08:12:35.237 [info] > git for-each-ref --format=%(refname)%00%(upstream:short)%00%(objectname)%00%(upstream:track)%00%(upstream:remotename)%00%(upstream:remoteref) refs/heads/origin/main refs/remotes/origin/main [19ms]
2024-09-11 08:12:35.256 [info] > git diff --name-status -z --diff-filter=ADMR 25d0f05ee1159487952447d9bf45f0255879bae0...refs/remotes/origin/main [30ms]
2024-09-11 08:12:36.019 [info] > git show --textconv :src/template.html [13ms]
2024-09-11 08:12:36.023 [info] > git ls-files --stage -- /home/srj/repos/srj-17/todo-list/src/template.html [8ms]
2024-09-11 08:12:36.035 [info] > git cat-file -s b7bedb264d03875797bc2532d3c55d73e72accdb [4ms]
2024-09-11 08:13:00.271 [info] > git check-ignore -v -z --stdin [22ms]
2024-09-11 08:13:15.837 [info] > git show --textconv :src/template.html [27ms]
2024-09-11 08:13:15.843 [info] > git ls-files --stage -- /home/srj/repos/srj-17/todo-list/src/template.html [12ms]
2024-09-11 08:13:15.867 [info] > git cat-file -s b7bedb264d03875797bc2532d3c55d73e72accdb [11ms]
2024-09-11 08:13:40.932 [info] > git show --textconv :src/styles.css [7ms]
2024-09-11 08:13:40.934 [info] > git ls-files --stage -- /home/srj/repos/srj-17/todo-list/src/styles.css [2ms]
2024-09-11 08:13:40.945 [info] > git cat-file -s 8b137891791fe96927ad78e64b0aad7bded08bdc [7ms]
2024-09-11 08:13:49.643 [info] > git config --get commit.template [14ms]
2024-09-11 08:13:49.656 [info] > git for-each-ref --format=%(refname)%00%(upstream:short)%00%(objectname)%00%(upstream:track)%00%(upstream:remotename)%00%(upstream:remoteref) refs/heads/main refs/remotes/main [19ms]
2024-09-11 08:13:49.671 [info] > git status -z -uall [6ms]
2024-09-11 08:13:49.709 [info] > git for-each-ref --format=%(refname)%00%(upstream:short)%00%(objectname)%00%(upstream:track)%00%(upstream:remotename)%00%(upstream:remoteref) refs/heads/main refs/remotes/main [23ms]
2024-09-11 08:13:49.736 [info] > git config --local branch.main.vscode-merge-base [17ms]
2024-09-11 08:13:49.756 [info] > git for-each-ref --format=%(refname)%00%(upstream:short)%00%(objectname)%00%(upstream:track)%00%(upstream:remotename)%00%(upstream:remoteref) refs/heads/origin/main refs/remotes/origin/main [9ms]
2024-09-11 08:13:54.705 [info] > git config --get commit.template [7ms]
2024-09-11 08:13:54.706 [info] > git for-each-ref --format=%(refname)%00%(upstream:short)%00%(objectname)%00%(upstream:track)%00%(upstream:remotename)%00%(upstream:remoteref) refs/heads/main refs/remotes/main [3ms]
2024-09-11 08:13:54.713 [info] > git status -z -uall [2ms]
2024-09-11 08:13:54.723 [info] > git for-each-ref --format=%(refname)%00%(upstream:short)%00%(objectname)%00%(upstream:track)%00%(upstream:remotename)%00%(upstream:remoteref) refs/heads/main refs/remotes/main [3ms]
2024-09-11 08:13:54.730 [info] > git config --local branch.main.vscode-merge-base [2ms]
2024-09-11 08:13:54.736 [info] > git for-each-ref --format=%(refname)%00%(upstream:short)%00%(objectname)%00%(upstream:track)%00%(upstream:remotename)%00%(upstream:remoteref) refs/heads/origin/main refs/remotes/origin/main [1ms]
2024-09-11 08:13:59.761 [info] > git config --get commit.template [19ms]
2024-09-11 08:13:59.767 [info] > git for-each-ref --format=%(refname)%00%(upstream:short)%00%(objectname)%00%(upstream:track)%00%(upstream:remotename)%00%(upstream:remoteref) refs/heads/main refs/remotes/main [11ms]
2024-09-11 08:13:59.788 [info] > git status -z -uall [7ms]
2024-09-11 08:13:59.826 [info] > git for-each-ref --format=%(refname)%00%(upstream:short)%00%(objectname)%00%(upstream:track)%00%(upstream:remotename)%00%(upstream:remoteref) refs/heads/main refs/remotes/main [16ms]
2024-09-11 08:13:59.855 [info] > git config --local branch.main.vscode-merge-base [12ms]
2024-09-11 08:13:59.878 [info] > git for-each-ref --format=%(refname)%00%(upstream:short)%00%(objectname)%00%(upstream:track)%00%(upstream:remotename)%00%(upstream:remoteref) refs/heads/origin/main refs/remotes/origin/main [6ms]
2024-09-11 08:14:04.848 [info] > git config --get commit.template [1ms]
2024-09-11 08:14:04.862 [info] > git for-each-ref --format=%(refname)%00%(upstream:short)%00%(objectname)%00%(upstream:track)%00%(upstream:remotename)%00%(upstream:remoteref) refs/heads/main refs/remotes/main [6ms]
2024-09-11 08:14:04.869 [info] > git status -z -uall [2ms]
2024-09-11 08:14:04.880 [info] > git for-each-ref --format=%(refname)%00%(upstream:short)%00%(objectname)%00%(upstream:track)%00%(upstream:remotename)%00%(upstream:remoteref) refs/heads/main refs/remotes/main [3ms]
2024-09-11 08:14:04.886 [info] > git config --local branch.main.vscode-merge-base [1ms]
2024-09-11 08:14:04.894 [info] > git for-each-ref --format=%(refname)%00%(upstream:short)%00%(objectname)%00%(upstream:track)%00%(upstream:remotename)%00%(upstream:remoteref) refs/heads/origin/main refs/remotes/origin/main [2ms]
2024-09-11 08:14:09.900 [info] > git config --get commit.template [15ms]
2024-09-11 08:14:09.902 [info] > git for-each-ref --format=%(refname)%00%(upstream:short)%00%(objectname)%00%(upstream:track)%00%(upstream:remotename)%00%(upstream:remoteref) refs/heads/main refs/remotes/main [3ms]
2024-09-11 08:14:09.913 [info] > git status -z -uall [2ms]
2024-09-11 08:14:09.925 [info] > git for-each-ref --format=%(refname)%00%(upstream:short)%00%(objectname)%00%(upstream:track)%00%(upstream:remotename)%00%(upstream:remoteref) refs/heads/main refs/remotes/main [5ms]
2024-09-11 08:14:09.934 [info] > git config --local branch.main.vscode-merge-base [2ms]
2024-09-11 08:14:09.944 [info] > git for-each-ref --format=%(refname)%00%(upstream:short)%00%(objectname)%00%(upstream:track)%00%(upstream:remotename)%00%(upstream:remoteref) refs/heads/origin/main refs/remotes/origin/main [6ms]
2024-09-11 08:14:14.960 [info] > git config --get commit.template [18ms]
2024-09-11 08:14:14.966 [info] > git for-each-ref --format=%(refname)%00%(upstream:short)%00%(objectname)%00%(upstream:track)%00%(upstream:remotename)%00%(upstream:remoteref) refs/heads/main refs/remotes/main [8ms]
2024-09-11 08:14:14.980 [info] > git status -z -uall [5ms]
2024-09-11 08:14:14.993 [info] > git for-each-ref --format=%(refname)%00%(upstream:short)%00%(objectname)%00%(upstream:track)%00%(upstream:remotename)%00%(upstream:remoteref) refs/heads/main refs/remotes/main [5ms]
2024-09-11 08:14:14.999 [info] > git config --local branch.main.vscode-merge-base [2ms]
2024-09-11 08:14:15.004 [info] > git for-each-ref --format=%(refname)%00%(upstream:short)%00%(objectname)%00%(upstream:track)%00%(upstream:remotename)%00%(upstream:remoteref) refs/heads/origin/main refs/remotes/origin/main [1ms]
2024-09-11 08:19:35.400 [info] > git merge-base refs/heads/main refs/remotes/origin/main [96ms]
2024-09-11 08:19:35.434 [info] > git show -s --decorate=full --shortstat --format=%H%n%aN%n%aE%n%at%n%ct%n%P%n%D%n%B -z 25d0f05ee1159487952447d9bf45f0255879bae0 [16ms]
2024-09-11 08:19:35.512 [info] > git log --format=%H%n%aN%n%aE%n%at%n%ct%n%P%n%D%n%B -z --shortstat --diff-merges=first-parent 25d0f05ee1159487952447d9bf45f0255879bae0.. --topo-order --decorate=full refs/heads/main refs/remotes/origin/main [82ms]
2024-09-11 08:19:35.683 [info] > git merge-base refs/heads/main refs/remotes/origin/main [3ms]
2024-09-11 08:19:35.747 [info] > git show -s --decorate=full --shortstat --format=%H%n%aN%n%aE%n%at%n%ct%n%P%n%D%n%B -z 25d0f05ee1159487952447d9bf45f0255879bae0 [12ms]
2024-09-11 08:19:35.773 [info] > git log --format=%H%n%aN%n%aE%n%at%n%ct%n%P%n%D%n%B -z --shortstat --diff-merges=first-parent 25d0f05ee1159487952447d9bf45f0255879bae0.. --topo-order --decorate=full refs/heads/main refs/remotes/origin/main [28ms]
2024-09-11 08:19:38.229 [info] > git merge-base refs/heads/main refs/remotes/origin/main [3ms]
2024-09-11 08:19:38.249 [info] > git show -s --decorate=full --shortstat --format=%H%n%aN%n%aE%n%at%n%ct%n%P%n%D%n%B -z 25d0f05ee1159487952447d9bf45f0255879bae0 [8ms]
2024-09-11 08:19:38.262 [info] > git log --format=%H%n%aN%n%aE%n%at%n%ct%n%P%n%D%n%B -z --shortstat --diff-merges=first-parent 25d0f05ee1159487952447d9bf45f0255879bae0.. --topo-order --decorate=full refs/heads/main refs/remotes/origin/main [13ms]
2024-09-11 08:19:43.358 [info] > git show --textconv :src/styles.css [11ms]
2024-09-11 08:19:43.360 [info] > git ls-files --stage -- /home/srj/repos/srj-17/todo-list/src/styles.css [3ms]
2024-09-11 08:19:43.368 [info] > git cat-file -s 8b137891791fe96927ad78e64b0aad7bded08bdc [2ms]
2024-09-11 08:19:51.026 [info] > git config --get commit.template [20ms]
2024-09-11 08:19:51.038 [info] > git for-each-ref --format=%(refname)%00%(upstream:short)%00%(objectname)%00%(upstream:track)%00%(upstream:remotename)%00%(upstream:remoteref) refs/heads/main refs/remotes/main [17ms]
2024-09-11 08:19:51.067 [info] > git status -z -uall [11ms]
2024-09-11 08:19:51.086 [info] > git for-each-ref --format=%(refname)%00%(upstream:short)%00%(objectname)%00%(upstream:track)%00%(upstream:remotename)%00%(upstream:remoteref) refs/heads/main refs/remotes/main [5ms]
2024-09-11 08:19:51.094 [info] > git config --local branch.main.vscode-merge-base [2ms]
2024-09-11 08:19:51.101 [info] > git for-each-ref --format=%(refname)%00%(upstream:short)%00%(objectname)%00%(upstream:track)%00%(upstream:remotename)%00%(upstream:remoteref) refs/heads/origin/main refs/remotes/origin/main [2ms]
2024-09-11 08:19:56.127 [info] > git config --get commit.template [20ms]
2024-09-11 08:19:56.133 [info] > git for-each-ref --format=%(refname)%00%(upstream:short)%00%(objectname)%00%(upstream:track)%00%(upstream:remotename)%00%(upstream:remoteref) refs/heads/main refs/remotes/main [10ms]
2024-09-11 08:19:56.149 [info] > git status -z -uall [3ms]
2024-09-11 08:19:56.162 [info] > git for-each-ref --format=%(refname)%00%(upstream:short)%00%(objectname)%00%(upstream:track)%00%(upstream:remotename)%00%(upstream:remoteref) refs/heads/main refs/remotes/main [4ms]
2024-09-11 08:19:56.169 [info] > git config --local branch.main.vscode-merge-base [2ms]
2024-09-11 08:19:56.175 [info] > git for-each-ref --format=%(refname)%00%(upstream:short)%00%(objectname)%00%(upstream:track)%00%(upstream:remotename)%00%(upstream:remoteref) refs/heads/origin/main refs/remotes/origin/main [2ms]
2024-09-11 08:23:48.303 [info] > git config --get commit.template [18ms]
2024-09-11 08:23:48.311 [info] > git for-each-ref --format=%(refname)%00%(upstream:short)%00%(objectname)%00%(upstream:track)%00%(upstream:remotename)%00%(upstream:remoteref) refs/heads/main refs/remotes/main [10ms]
2024-09-11 08:23:48.326 [info] > git status -z -uall [8ms]
2024-09-11 08:23:48.349 [info] > git for-each-ref --format=%(refname)%00%(upstream:short)%00%(objectname)%00%(upstream:track)%00%(upstream:remotename)%00%(upstream:remoteref) refs/heads/main refs/remotes/main [13ms]
2024-09-11 08:23:48.379 [info] > git config --local branch.main.vscode-merge-base [3ms]
2024-09-11 08:23:48.391 [info] > git for-each-ref --format=%(refname)%00%(upstream:short)%00%(objectname)%00%(upstream:track)%00%(upstream:remotename)%00%(upstream:remoteref) refs/heads/origin/main refs/remotes/origin/main [1ms]
2024-09-11 08:23:53.357 [info] > git config --get commit.template [9ms]
2024-09-11 08:23:53.360 [info] > git for-each-ref --format=%(refname)%00%(upstream:short)%00%(objectname)%00%(upstream:track)%00%(upstream:remotename)%00%(upstream:remoteref) refs/heads/main refs/remotes/main [4ms]
2024-09-11 08:23:53.370 [info] > git status -z -uall [3ms]
2024-09-11 08:23:53.384 [info] > git for-each-ref --format=%(refname)%00%(upstream:short)%00%(objectname)%00%(upstream:track)%00%(upstream:remotename)%00%(upstream:remoteref) refs/heads/main refs/remotes/main [6ms]
2024-09-11 08:23:53.393 [info] > git config --local branch.main.vscode-merge-base [2ms]
2024-09-11 08:23:53.403 [info] > git for-each-ref --format=%(refname)%00%(upstream:short)%00%(objectname)%00%(upstream:track)%00%(upstream:remotename)%00%(upstream:remoteref) refs/heads/origin/main refs/remotes/origin/main [3ms]
2024-09-11 08:23:57.953 [info] > git show --textconv :src/template.html [6ms]
2024-09-11 08:23:57.954 [info] > git ls-files --stage -- /home/srj/repos/srj-17/todo-list/src/template.html [2ms]
2024-09-11 08:23:57.960 [info] > git cat-file -s b7bedb264d03875797bc2532d3c55d73e72accdb [2ms]
2024-09-11 08:25:15.704 [info] > git show --textconv :src/template.html [25ms]
2024-09-11 08:25:15.705 [info] > git ls-files --stage -- /home/srj/repos/srj-17/todo-list/src/template.html [9ms]
2024-09-11 08:25:15.726 [info] > git cat-file -s b7bedb264d03875797bc2532d3c55d73e72accdb [7ms]
2024-09-11 08:25:27.474 [info] > git show --textconv :src/styles.css [23ms]
2024-09-11 08:25:27.482 [info] > git ls-files --stage -- /home/srj/repos/srj-17/todo-list/src/styles.css [10ms]
2024-09-11 08:25:27.501 [info] > git cat-file -s 8b137891791fe96927ad78e64b0aad7bded08bdc [7ms]
2024-09-11 08:25:31.871 [info] > git config --get commit.template [24ms]
2024-09-11 08:25:31.882 [info] > git for-each-ref --format=%(refname)%00%(upstream:short)%00%(objectname)%00%(upstream:track)%00%(upstream:remotename)%00%(upstream:remoteref) refs/heads/main refs/remotes/main [13ms]
2024-09-11 08:25:31.905 [info] > git status -z -uall [4ms]
2024-09-11 08:25:31.926 [info] > git for-each-ref --format=%(refname)%00%(upstream:short)%00%(objectname)%00%(upstream:track)%00%(upstream:remotename)%00%(upstream:remoteref) refs/heads/main refs/remotes/main [3ms]
2024-09-11 08:25:31.935 [info] > git config --local branch.main.vscode-merge-base [2ms]
2024-09-11 08:25:31.954 [info] > git for-each-ref --format=%(refname)%00%(upstream:short)%00%(objectname)%00%(upstream:track)%00%(upstream:remotename)%00%(upstream:remoteref) refs/heads/origin/main refs/remotes/origin/main [2ms]
2024-09-11 08:25:36.966 [info] > git config --get commit.template [20ms]
2024-09-11 08:25:36.973 [info] > git for-each-ref --format=%(refname)%00%(upstream:short)%00%(objectname)%00%(upstream:track)%00%(upstream:remotename)%00%(upstream:remoteref) refs/heads/main refs/remotes/main [10ms]
2024-09-11 08:25:36.999 [info] > git status -z -uall [8ms]
2024-09-11 08:25:37.036 [info] > git for-each-ref --format=%(refname)%00%(upstream:short)%00%(objectname)%00%(upstream:track)%00%(upstream:remotename)%00%(upstream:remoteref) refs/heads/main refs/remotes/main [13ms]
2024-09-11 08:25:37.054 [info] > git config --local branch.main.vscode-merge-base [4ms]
2024-09-11 08:25:37.063 [info] > git for-each-ref --format=%(refname)%00%(upstream:short)%00%(objectname)%00%(upstream:track)%00%(upstream:remotename)%00%(upstream:remoteref) refs/heads/origin/main refs/remotes/origin/main [2ms]
2024-09-11 08:25:45.454 [info] > git config --get commit.template [11ms]
2024-09-11 08:25:45.459 [info] > git for-each-ref --format=%(refname)%00%(upstream:short)%00%(objectname)%00%(upstream:track)%00%(upstream:remotename)%00%(upstream:remoteref) refs/heads/main refs/remotes/main [7ms]
2024-09-11 08:25:45.471 [info] > git status -z -uall [4ms]
2024-09-11 08:25:45.507 [info] > git for-each-ref --format=%(refname)%00%(upstream:short)%00%(objectname)%00%(upstream:track)%00%(upstream:remotename)%00%(upstream:remoteref) refs/heads/main refs/remotes/main [9ms]
2024-09-11 08:25:45.525 [info] > git config --local branch.main.vscode-merge-base [2ms]
2024-09-11 08:25:45.541 [info] > git for-each-ref --format=%(refname)%00%(upstream:short)%00%(objectname)%00%(upstream:track)%00%(upstream:remotename)%00%(upstream:remoteref) refs/heads/origin/main refs/remotes/origin/main [7ms]
2024-09-11 08:25:51.782 [info] > git config --get commit.template [22ms]
2024-09-11 08:25:51.790 [info] > git for-each-ref --format=%(refname)%00%(upstream:short)%00%(objectname)%00%(upstream:track)%00%(upstream:remotename)%00%(upstream:remoteref) refs/heads/main refs/remotes/main [11ms]
2024-09-11 08:25:51.817 [info] > git status -z -uall [9ms]
2024-09-11 08:25:51.854 [info] > git for-each-ref --format=%(refname)%00%(upstream:short)%00%(objectname)%00%(upstream:track)%00%(upstream:remotename)%00%(upstream:remoteref) refs/heads/main refs/remotes/main [12ms]
2024-09-11 08:25:51.868 [info] > git config --local branch.main.vscode-merge-base [4ms]
2024-09-11 08:25:51.883 [info] > git for-each-ref --format=%(refname)%00%(upstream:short)%00%(objectname)%00%(upstream:track)%00%(upstream:remotename)%00%(upstream:remoteref) refs/heads/origin/main refs/remotes/origin/main [4ms]
2024-09-11 08:25:56.046 [info] > git show --textconv :src/template.html [19ms]
2024-09-11 08:25:56.052 [info] > git ls-files --stage -- /home/srj/repos/srj-17/todo-list/src/template.html [7ms]
2024-09-11 08:25:56.071 [info] > git cat-file -s b7bedb264d03875797bc2532d3c55d73e72accdb [6ms]
2024-09-11 08:25:56.886 [info] > git config --get commit.template [18ms]
2024-09-11 08:25:56.892 [info] > git for-each-ref --format=%(refname)%00%(upstream:short)%00%(objectname)%00%(upstream:track)%00%(upstream:remotename)%00%(upstream:remoteref) refs/heads/main refs/remotes/main [8ms]
2024-09-11 08:25:56.915 [info] > git status -z -uall [8ms]
2024-09-11 08:25:56.930 [info] > git for-each-ref --format=%(refname)%00%(upstream:short)%00%(objectname)%00%(upstream:track)%00%(upstream:remotename)%00%(upstream:remoteref) refs/heads/main refs/remotes/main [5ms]
2024-09-11 08:25:56.936 [info] > git config --local branch.main.vscode-merge-base [1ms]
2024-09-11 08:25:56.942 [info] > git for-each-ref --format=%(refname)%00%(upstream:short)%00%(objectname)%00%(upstream:track)%00%(upstream:remotename)%00%(upstream:remoteref) refs/heads/origin/main refs/remotes/origin/main [1ms]
2024-09-11 08:27:39.751 [info] > git show --textconv :src/template.html [9ms]
2024-09-11 08:27:39.752 [info] > git ls-files --stage -- /home/srj/repos/srj-17/todo-list/src/template.html [2ms]
2024-09-11 08:27:39.758 [info] > git cat-file -s b7bedb264d03875797bc2532d3c55d73e72accdb [2ms]
2024-09-11 08:27:49.308 [info] > git show --textconv :src/styles.css [22ms]
2024-09-11 08:27:49.314 [info] > git ls-files --stage -- /home/srj/repos/srj-17/todo-list/src/styles.css [7ms]
2024-09-11 08:27:49.332 [info] > git cat-file -s 8b137891791fe96927ad78e64b0aad7bded08bdc [6ms]
2024-09-11 08:28:05.262 [info] > git show --textconv :src/template.html [21ms]
2024-09-11 08:28:05.268 [info] > git ls-files --stage -- /home/srj/repos/srj-17/todo-list/src/template.html [7ms]
2024-09-11 08:28:05.295 [info] > git cat-file -s b7bedb264d03875797bc2532d3c55d73e72accdb [12ms]
2024-09-11 08:28:13.451 [info] > git show --textconv :src/styles.css [12ms]
2024-09-11 08:28:13.453 [info] > git ls-files --stage -- /home/srj/repos/srj-17/todo-list/src/styles.css [3ms]
2024-09-11 08:28:13.460 [info] > git cat-file -s 8b137891791fe96927ad78e64b0aad7bded08bdc [2ms]
2024-09-11 08:28:26.803 [info] > git config --get commit.template [15ms]
2024-09-11 08:28:26.806 [info] > git for-each-ref --format=%(refname)%00%(upstream:short)%00%(objectname)%00%(upstream:track)%00%(upstream:remotename)%00%(upstream:remoteref) refs/heads/main refs/remotes/main [5ms]
2024-09-11 08:28:26.819 [info] > git status -z -uall [2ms]
2024-09-11 08:28:26.833 [info] > git for-each-ref --format=%(refname)%00%(upstream:short)%00%(objectname)%00%(upstream:track)%00%(upstream:remotename)%00%(upstream:remoteref) refs/heads/main refs/remotes/main [7ms]
2024-09-11 08:28:26.844 [info] > git config --local branch.main.vscode-merge-base [4ms]
2024-09-11 08:28:26.857 [info] > git for-each-ref --format=%(refname)%00%(upstream:short)%00%(objectname)%00%(upstream:track)%00%(upstream:remotename)%00%(upstream:remoteref) refs/heads/origin/main refs/remotes/origin/main [3ms]
2024-09-11 08:28:31.869 [info] > git config --get commit.template [20ms]
2024-09-11 08:28:31.873 [info] > git for-each-ref --format=%(refname)%00%(upstream:short)%00%(objectname)%00%(upstream:track)%00%(upstream:remotename)%00%(upstream:remoteref) refs/heads/main refs/remotes/main [6ms]
2024-09-11 08:28:31.883 [info] > git status -z -uall [3ms]
2024-09-11 08:28:31.894 [info] > git for-each-ref --format=%(refname)%00%(upstream:short)%00%(objectname)%00%(upstream:track)%00%(upstream:remotename)%00%(upstream:remoteref) refs/heads/main refs/remotes/main [4ms]
2024-09-11 08:28:31.901 [info] > git config --local branch.main.vscode-merge-base [2ms]
2024-09-11 08:28:31.908 [info] > git for-each-ref --format=%(refname)%00%(upstream:short)%00%(objectname)%00%(upstream:track)%00%(upstream:remotename)%00%(upstream:remoteref) refs/heads/origin/main refs/remotes/origin/main [2ms]
2024-09-11 08:28:38.709 [info] > git config --get commit.template [3ms]
2024-09-11 08:28:38.725 [info] > git for-each-ref --format=%(refname)%00%(upstream:short)%00%(objectname)%00%(upstream:track)%00%(upstream:remotename)%00%(upstream:remoteref) refs/heads/main refs/remotes/main [6ms]
2024-09-11 08:28:38.739 [info] > git status -z -uall [4ms]
2024-09-11 08:28:38.763 [info] > git for-each-ref --format=%(refname)%00%(upstream:short)%00%(objectname)%00%(upstream:track)%00%(upstream:remotename)%00%(upstream:remoteref) refs/heads/main refs/remotes/main [14ms]
2024-09-11 08:28:38.776 [info] > git config --local branch.main.vscode-merge-base [4ms]
2024-09-11 08:28:38.792 [info] > git for-each-ref --format=%(refname)%00%(upstream:short)%00%(objectname)%00%(upstream:track)%00%(upstream:remotename)%00%(upstream:remoteref) refs/heads/origin/main refs/remotes/origin/main [3ms]
2024-09-11 08:28:45.111 [info] > git config --get commit.template [22ms]
2024-09-11 08:28:45.118 [info] > git for-each-ref --format=%(refname)%00%(upstream:short)%00%(objectname)%00%(upstream:track)%00%(upstream:remotename)%00%(upstream:remoteref) refs/heads/main refs/remotes/main [9ms]
2024-09-11 08:28:45.133 [info] > git status -z -uall [8ms]
2024-09-11 08:28:45.155 [info] > git for-each-ref --format=%(refname)%00%(upstream:short)%00%(objectname)%00%(upstream:track)%00%(upstream:remotename)%00%(upstream:remoteref) refs/heads/main refs/remotes/main [10ms]
2024-09-11 08:28:45.170 [info] > git config --local branch.main.vscode-merge-base [6ms]
2024-09-11 08:28:45.197 [info] > git for-each-ref --format=%(refname)%00%(upstream:short)%00%(objectname)%00%(upstream:track)%00%(upstream:remotename)%00%(upstream:remoteref) refs/heads/origin/main refs/remotes/origin/main [6ms]
2024-09-11 08:28:50.188 [info] > git config --get commit.template [21ms]
2024-09-11 08:28:50.195 [info] > git for-each-ref --format=%(refname)%00%(upstream:short)%00%(objectname)%00%(upstream:track)%00%(upstream:remotename)%00%(upstream:remoteref) refs/heads/main refs/remotes/main [10ms]
2024-09-11 08:28:50.221 [info] > git status -z -uall [7ms]
2024-09-11 08:28:50.247 [info] > git for-each-ref --format=%(refname)%00%(upstream:short)%00%(objectname)%00%(upstream:track)%00%(upstream:remotename)%00%(upstream:remoteref) refs/heads/main refs/remotes/main [7ms]
2024-09-11 08:28:50.257 [info] > git config --local branch.main.vscode-merge-base [3ms]
2024-09-11 08:28:50.266 [info] > git for-each-ref --format=%(refname)%00%(upstream:short)%00%(objectname)%00%(upstream:track)%00%(upstream:remotename)%00%(upstream:remoteref) refs/heads/origin/main refs/remotes/origin/main [2ms]
2024-09-11 08:28:56.263 [info] > git config --get commit.template [17ms]
2024-09-11 08:28:56.268 [info] > git for-each-ref --format=%(refname)%00%(upstream:short)%00%(objectname)%00%(upstream:track)%00%(upstream:remotename)%00%(upstream:remoteref) refs/heads/main refs/remotes/main [9ms]
2024-09-11 08:28:56.288 [info] > git status -z -uall [3ms]
2024-09-11 08:28:56.308 [info] > git for-each-ref --format=%(refname)%00%(upstream:short)%00%(objectname)%00%(upstream:track)%00%(upstream:remotename)%00%(upstream:remoteref) refs/heads/main refs/remotes/main [6ms]
2024-09-11 08:28:56.345 [info] > git config --local branch.main.vscode-merge-base [5ms]
2024-09-11 08:28:56.356 [info] > git for-each-ref --format=%(refname)%00%(upstream:short)%00%(objectname)%00%(upstream:track)%00%(upstream:remotename)%00%(upstream:remoteref) refs/heads/origin/main refs/remotes/origin/main [2ms]
2024-09-11 08:29:05.873 [info] > git config --get commit.template [20ms]
2024-09-11 08:29:05.879 [info] > git for-each-ref --format=%(refname)%00%(upstream:short)%00%(objectname)%00%(upstream:track)%00%(upstream:remotename)%00%(upstream:remoteref) refs/heads/main refs/remotes/main [7ms]
2024-09-11 08:29:05.898 [info] > git status -z -uall [6ms]
2024-09-11 08:29:05.924 [info] > git for-each-ref --format=%(refname)%00%(upstream:short)%00%(objectname)%00%(upstream:track)%00%(upstream:remotename)%00%(upstream:remoteref) refs/heads/main refs/remotes/main [13ms]
2024-09-11 08:29:05.956 [info] > git config --local branch.main.vscode-merge-base [3ms]
2024-09-11 08:29:05.972 [info] > git for-each-ref --format=%(refname)%00%(upstream:short)%00%(objectname)%00%(upstream:track)%00%(upstream:remotename)%00%(upstream:remoteref) refs/heads/origin/main refs/remotes/origin/main [2ms]
2024-09-11 08:29:10.950 [info] > git config --get commit.template [3ms]
2024-09-11 08:29:10.977 [info] > git for-each-ref --format=%(refname)%00%(upstream:short)%00%(objectname)%00%(upstream:track)%00%(upstream:remotename)%00%(upstream:remoteref) refs/heads/main refs/remotes/main [10ms]
2024-09-11 08:29:11.000 [info] > git status -z -uall [7ms]
2024-09-11 08:29:11.030 [info] > git for-each-ref --format=%(refname)%00%(upstream:short)%00%(objectname)%00%(upstream:track)%00%(upstream:remotename)%00%(upstream:remoteref) refs/heads/main refs/remotes/main [11ms]
2024-09-11 08:29:11.050 [info] > git config --local branch.main.vscode-merge-base [5ms]
2024-09-11 08:29:11.073 [info] > git for-each-ref --format=%(refname)%00%(upstream:short)%00%(objectname)%00%(upstream:track)%00%(upstream:remotename)%00%(upstream:remoteref) refs/heads/origin/main refs/remotes/origin/main [6ms]
2024-09-11 08:29:20.289 [info] > git config --get commit.template [10ms]
2024-09-11 08:29:20.321 [info] > git for-each-ref --format=%(refname)%00%(upstream:short)%00%(objectname)%00%(upstream:track)%00%(upstream:remotename)%00%(upstream:remoteref) refs/heads/main refs/remotes/main [9ms]
2024-09-11 08:29:20.338 [info] > git status -z -uall [6ms]
2024-09-11 08:29:20.352 [info] > git for-each-ref --format=%(refname)%00%(upstream:short)%00%(objectname)%00%(upstream:track)%00%(upstream:remotename)%00%(upstream:remoteref) refs/heads/main refs/remotes/main [4ms]
2024-09-11 08:29:20.359 [info] > git config --local branch.main.vscode-merge-base [1ms]
2024-09-11 08:29:20.366 [info] > git for-each-ref --format=%(refname)%00%(upstream:short)%00%(objectname)%00%(upstream:track)%00%(upstream:remotename)%00%(upstream:remoteref) refs/heads/origin/main refs/remotes/origin/main [2ms]
2024-09-11 08:29:26.967 [info] > git config --get commit.template [14ms]
2024-09-11 08:29:26.970 [info] > git for-each-ref --format=%(refname)%00%(upstream:short)%00%(objectname)%00%(upstream:track)%00%(upstream:remotename)%00%(upstream:remoteref) refs/heads/main refs/remotes/main [4ms]
2024-09-11 08:29:26.983 [info] > git status -z -uall [4ms]
2024-09-11 08:29:27.002 [info] > git for-each-ref --format=%(refname)%00%(upstream:short)%00%(objectname)%00%(upstream:track)%00%(upstream:remotename)%00%(upstream:remoteref) refs/heads/main refs/remotes/main [3ms]
2024-09-11 08:29:27.018 [info] > git config --local branch.main.vscode-merge-base [6ms]
2024-09-11 08:29:27.034 [info] > git for-each-ref --format=%(refname)%00%(upstream:short)%00%(objectname)%00%(upstream:track)%00%(upstream:remotename)%00%(upstream:remoteref) refs/heads/origin/main refs/remotes/origin/main [7ms]
2024-09-11 08:29:36.150 [info] > git config --get commit.template [12ms]
2024-09-11 08:29:36.155 [info] > git for-each-ref --format=%(refname)%00%(upstream:short)%00%(objectname)%00%(upstream:track)%00%(upstream:remotename)%00%(upstream:remoteref) refs/heads/main refs/remotes/main [6ms]
2024-09-11 08:29:36.182 [info] > git status -z -uall [10ms]
2024-09-11 08:29:36.198 [info] > git for-each-ref --format=%(refname)%00%(upstream:short)%00%(objectname)%00%(upstream:track)%00%(upstream:remotename)%00%(upstream:remoteref) refs/heads/main refs/remotes/main [4ms]
2024-09-11 08:29:36.212 [info] > git config --local branch.main.vscode-merge-base [5ms]
2024-09-11 08:29:36.231 [info] > git for-each-ref --format=%(refname)%00%(upstream:short)%00%(objectname)%00%(upstream:track)%00%(upstream:remotename)%00%(upstream:remoteref) refs/heads/origin/main refs/remotes/origin/main [10ms]
2024-09-11 08:29:37.595 [info] > git show --textconv :src/template.html [20ms]
2024-09-11 08:29:37.600 [info] > git ls-files --stage -- /home/srj/repos/srj-17/todo-list/src/template.html [7ms]
2024-09-11 08:29:37.620 [info] > git cat-file -s b7bedb264d03875797bc2532d3c55d73e72accdb [6ms]
2024-09-11 08:29:40.367 [info] > git show --textconv :src/styles.css [17ms]
2024-09-11 08:29:40.372 [info] > git ls-files --stage -- /home/srj/repos/srj-17/todo-list/src/styles.css [6ms]
2024-09-11 08:29:40.390 [info] > git cat-file -s 8b137891791fe96927ad78e64b0aad7bded08bdc [6ms]
