2024-09-06 07:20:08.221 [info] Getting Manifest... ms-python.python
2024-09-06 07:20:08.223 [info] Getting Manifest... ms-vscode.cmake-tools
2024-09-06 07:20:08.903 [info] Installing extension: ms-python.python {"productVersion":{"version":"1.92.1","date":"2024-08-07T20:16:39.455Z"},"pinned":false,"isApplicationScoped":false,"profileLocation":{"$mid":1,"external":"vscode-userdata:/home/srj/.vscode/extensions/extensions.json","path":"/home/srj/.vscode/extensions/extensions.json","scheme":"vscode-userdata"},"installOnlyNewlyAddedFromExtensionPack":true}
2024-09-06 07:20:08.923 [info] Installing extension: ms-vscode.cmake-tools {"productVersion":{"version":"1.92.1","date":"2024-08-07T20:16:39.455Z"},"pinned":false,"isApplicationScoped":false,"profileLocation":{"$mid":1,"external":"vscode-userdata:/home/srj/.vscode/extensions/extensions.json","path":"/home/srj/.vscode/extensions/extensions.json","scheme":"vscode-userdata"},"installOnlyNewlyAddedFromExtensionPack":true}
2024-09-06 07:20:13.080 [info] Extension signature verification result for ms-vscode.cmake-tools: Success. Executed: true. Duration: 2108ms.
2024-09-06 07:20:13.547 [info] Extension signature verification result for ms-python.python: Success. Executed: true. Duration: 1845ms.
2024-09-06 07:20:13.622 [info] Extracted extension to file:///home/srj/.vscode/extensions/ms-vscode.cmake-tools-1.19.51: ms-vscode.cmake-tools
2024-09-06 07:20:13.633 [info] Renamed to /home/srj/.vscode/extensions/ms-vscode.cmake-tools-1.19.51
2024-09-06 07:20:13.684 [info] Marked extension as uninstalled ms-vscode.cmake-tools-1.19.49
2024-09-06 07:20:13.704 [info] Extension installed successfully: ms-vscode.cmake-tools vscode-userdata:/home/srj/.vscode/extensions/extensions.json
2024-09-06 07:20:13.729 [error] [uncaught exception in sharedProcess]: Error: ENOENT: no such file or directory, stat '/home/srj/.vscode/extensions/extensions.json.vsctmp': EntryNotFound (FileSystemError): Error: ENOENT: no such file or directory, stat '/home/srj/.vscode/extensions/extensions.json.vsctmp'
    at o.create (/usr/share/code/resources/app/out/vs/code/node/sharedProcess/sharedProcessMain.js:54:19408)
    at u (/usr/share/code/resources/app/out/vs/code/node/sharedProcess/sharedProcessMain.js:54:19519)
    at p.hb (/usr/share/code/resources/app/out/vs/code/node/sharedProcess/sharedProcessMain.js:59:36714)
    at p.stat (/usr/share/code/resources/app/out/vs/code/node/sharedProcess/sharedProcessMain.js:59:29034)
    at async c.stat (/usr/share/code/resources/app/out/vs/code/node/sharedProcess/sharedProcessMain.js:59:14940)
    at async z.ub (/usr/share/code/resources/app/out/vs/code/node/sharedProcess/sharedProcessMain.js:105:120384)
2024-09-06 07:20:15.468 [info] Extracted extension to file:///home/srj/.vscode/extensions/ms-python.python-2024.14.0-linux-x64: ms-python.python
2024-09-06 07:20:15.482 [info] Renamed to /home/srj/.vscode/extensions/ms-python.python-2024.14.0-linux-x64
2024-09-06 07:20:15.529 [info] Marked extension as uninstalled ms-python.python-2024.12.3-linux-x64
2024-09-06 07:20:15.534 [info] Extension installed successfully: ms-python.python vscode-userdata:/home/srj/.vscode/extensions/extensions.json
2024-09-06 07:20:15.579 [error] [uncaught exception in sharedProcess]: Error: ENOENT: no such file or directory, stat '/home/srj/.vscode/extensions/extensions.json.vsctmp': EntryNotFound (FileSystemError): Error: ENOENT: no such file or directory, stat '/home/srj/.vscode/extensions/extensions.json.vsctmp'
    at o.create (/usr/share/code/resources/app/out/vs/code/node/sharedProcess/sharedProcessMain.js:54:19408)
    at u (/usr/share/code/resources/app/out/vs/code/node/sharedProcess/sharedProcessMain.js:54:19519)
    at p.hb (/usr/share/code/resources/app/out/vs/code/node/sharedProcess/sharedProcessMain.js:59:36714)
    at p.stat (/usr/share/code/resources/app/out/vs/code/node/sharedProcess/sharedProcessMain.js:59:29034)
    at async c.stat (/usr/share/code/resources/app/out/vs/code/node/sharedProcess/sharedProcessMain.js:59:14940)
    at async z.ub (/usr/share/code/resources/app/out/vs/code/node/sharedProcess/sharedProcessMain.js:105:120384)
