2024-09-01 14:09:41.653 [info] [main] Log level: Info
2024-09-01 14:09:41.654 [info] [main] Validating found git in: "git"
2024-09-01 14:09:41.771 [info] [main] Using git "2.34.1" from "git"
2024-09-01 14:09:41.771 [info] [Model][doInitialScan] Initial repository scan started
2024-09-01 14:09:41.818 [info] > git rev-parse --show-toplevel [26ms]
2024-09-01 14:09:41.851 [info] > git rev-parse --git-dir --git-common-dir [5ms]
2024-09-01 14:09:41.877 [info] [Model][openRepository] Opened repository: /home/srj/repos/srj-17/todo-list
2024-09-01 14:09:42.146 [info] > git rev-parse --show-toplevel [251ms]
2024-09-01 14:09:42.147 [info] > git config --get commit.template [261ms]
2024-09-01 14:09:42.343 [info] > git rev-parse --show-toplevel [42ms]
2024-09-01 14:09:42.378 [info] > git rev-parse --show-toplevel [29ms]
2024-09-01 14:09:42.380 [info] [Model][doInitialScan] Initial repository scan completed - repositories (1), closed repositories (0), parent repositories (0), unsafe repositories (0)
2024-09-01 14:09:42.385 [info] > git for-each-ref --format=%(refname)%00%(upstream:short)%00%(objectname)%00%(upstream:track)%00%(upstream:remotename)%00%(upstream:remoteref) refs/heads/main refs/remotes/main [45ms]
2024-09-01 14:09:42.423 [info] > git status -z -uall [19ms]
2024-09-01 14:09:42.447 [info] > git for-each-ref --format=%(refname)%00%(upstream:short)%00%(objectname)%00%(upstream:track)%00%(upstream:remotename)%00%(upstream:remoteref) refs/heads/main refs/remotes/main [17ms]
2024-09-01 14:09:42.460 [info] > git config --get commit.template [13ms]
2024-09-01 14:09:42.464 [info] > git config --local branch.main.vscode-merge-base [10ms]
2024-09-01 14:09:42.502 [info] > git for-each-ref --format=%(refname)%00%(upstream:short)%00%(objectname)%00%(upstream:track)%00%(upstream:remotename)%00%(upstream:remoteref) refs/heads/origin/main refs/remotes/origin/main [33ms]
2024-09-01 14:09:42.528 [info] > git merge-base refs/heads/main refs/remotes/origin/main [18ms]
2024-09-01 14:09:42.533 [info] > git for-each-ref --format=%(refname)%00%(upstream:short)%00%(objectname)%00%(upstream:track)%00%(upstream:remotename)%00%(upstream:remoteref) refs/heads/main refs/remotes/main [32ms]
2024-09-01 14:09:42.574 [info] > git rev-list --count --left-right refs/heads/main...refs/remotes/origin/main [41ms]
2024-09-01 14:09:42.593 [info] > git diff --name-status -z --diff-filter=ADMR 25d0f05ee1159487952447d9bf45f0255879bae0...refs/remotes/origin/main [8ms]
2024-09-01 14:09:42.603 [info] > git status -z -uall [2ms]
2024-09-01 14:09:42.618 [info] > git for-each-ref --format=%(refname)%00%(upstream:short)%00%(objectname)%00%(upstream:track)%00%(upstream:remotename)%00%(upstream:remoteref) refs/heads/main refs/remotes/main [9ms]
2024-09-01 14:09:42.631 [info] > git check-ignore -v -z --stdin [4ms]
2024-09-01 14:09:42.632 [info] > git config --local branch.main.vscode-merge-base [9ms]
2024-09-01 14:09:42.645 [info] > git for-each-ref --format=%(refname)%00%(upstream:short)%00%(objectname)%00%(upstream:track)%00%(upstream:remotename)%00%(upstream:remoteref) refs/heads/origin/main refs/remotes/origin/main [3ms]
2024-09-01 14:09:42.810 [info] > git show --textconv :src/template.html [11ms]
2024-09-01 14:09:42.812 [info] > git ls-files --stage -- /home/srj/repos/srj-17/todo-list/src/template.html [6ms]
2024-09-01 14:09:42.821 [info] > git cat-file -s f4aa66806c0ed4d6303e4553d51b2a564047cb67 [4ms]
2024-09-01 14:10:03.746 [info] > git config --get commit.template [4ms]
2024-09-01 14:10:03.748 [info] > git for-each-ref --format=%(refname)%00%(upstream:short)%00%(objectname)%00%(upstream:track)%00%(upstream:remotename)%00%(upstream:remoteref) refs/heads/main refs/remotes/main [2ms]
2024-09-01 14:10:03.753 [info] > git status -z -uall [2ms]
2024-09-01 14:10:03.762 [info] > git for-each-ref --format=%(refname)%00%(upstream:short)%00%(objectname)%00%(upstream:track)%00%(upstream:remotename)%00%(upstream:remoteref) refs/heads/main refs/remotes/main [4ms]
2024-09-01 14:10:03.771 [info] > git config --local branch.main.vscode-merge-base [3ms]
2024-09-01 14:10:03.776 [info] > git for-each-ref --format=%(refname)%00%(upstream:short)%00%(objectname)%00%(upstream:track)%00%(upstream:remotename)%00%(upstream:remoteref) refs/heads/origin/main refs/remotes/origin/main [1ms]
2024-09-01 14:10:08.794 [info] > git config --get commit.template [6ms]
2024-09-01 14:10:08.796 [info] > git for-each-ref --format=%(refname)%00%(upstream:short)%00%(objectname)%00%(upstream:track)%00%(upstream:remotename)%00%(upstream:remoteref) refs/heads/main refs/remotes/main [3ms]
2024-09-01 14:10:08.804 [info] > git status -z -uall [3ms]
2024-09-01 14:10:08.812 [info] > git for-each-ref --format=%(refname)%00%(upstream:short)%00%(objectname)%00%(upstream:track)%00%(upstream:remotename)%00%(upstream:remoteref) refs/heads/main refs/remotes/main [3ms]
2024-09-01 14:10:08.821 [info] > git config --local branch.main.vscode-merge-base [2ms]
2024-09-01 14:10:08.826 [info] > git for-each-ref --format=%(refname)%00%(upstream:short)%00%(objectname)%00%(upstream:track)%00%(upstream:remotename)%00%(upstream:remoteref) refs/heads/origin/main refs/remotes/origin/main [2ms]
2024-09-01 14:12:12.486 [info] > git show --textconv :src/template.html [7ms]
2024-09-01 14:12:12.488 [info] > git ls-files --stage -- /home/srj/repos/srj-17/todo-list/src/template.html [3ms]
2024-09-01 14:12:12.495 [info] > git cat-file -s f4aa66806c0ed4d6303e4553d51b2a564047cb67 [2ms]
2024-09-01 14:13:13.571 [info] > git config --get commit.template [12ms]
2024-09-01 14:13:13.572 [info] > git for-each-ref --format=%(refname)%00%(upstream:short)%00%(objectname)%00%(upstream:track)%00%(upstream:remotename)%00%(upstream:remoteref) refs/heads/main refs/remotes/main [8ms]
2024-09-01 14:13:13.582 [info] > git status -z -uall [2ms]
2024-09-01 14:13:13.599 [info] > git for-each-ref --format=%(refname)%00%(upstream:short)%00%(objectname)%00%(upstream:track)%00%(upstream:remotename)%00%(upstream:remoteref) refs/heads/main refs/remotes/main [3ms]
2024-09-01 14:13:13.607 [info] > git config --local branch.main.vscode-merge-base [2ms]
2024-09-01 14:13:13.616 [info] > git for-each-ref --format=%(refname)%00%(upstream:short)%00%(objectname)%00%(upstream:track)%00%(upstream:remotename)%00%(upstream:remoteref) refs/heads/origin/main refs/remotes/origin/main [2ms]
