2024-09-15 08:50:17.871 [info] [main] Log level: Info
2024-09-15 08:50:17.871 [info] [main] Validating found git in: "git"
2024-09-15 08:50:17.925 [info] [main] Using git "2.34.1" from "git"
2024-09-15 08:50:17.925 [info] [Model][doInitialScan] Initial repository scan started
2024-09-15 08:50:18.000 [info] > git rev-parse --show-toplevel [36ms]
2024-09-15 08:50:18.353 [info] > git rev-parse --git-dir --git-common-dir [65ms]
2024-09-15 08:50:18.411 [info] [Model][openRepository] Opened repository: /home/srj/repos/srj-17/todo-list
2024-09-15 08:50:18.428 [info] > git rev-parse --show-toplevel [2ms]
2024-09-15 08:50:18.429 [info] > git config --get commit.template [9ms]
2024-09-15 08:50:18.440 [info] > git rev-parse --show-toplevel [7ms]
2024-09-15 08:50:18.446 [info] > git rev-parse --show-toplevel [2ms]
2024-09-15 08:50:18.454 [info] > git rev-parse --show-toplevel [2ms]
2024-09-15 08:50:18.458 [info] [Model][doInitialScan] Initial repository scan completed - repositories (1), closed repositories (0), parent repositories (0), unsafe repositories (0)
2024-09-15 08:50:18.478 [info] > git for-each-ref --format=%(refname)%00%(upstream:short)%00%(objectname)%00%(upstream:track)%00%(upstream:remotename)%00%(upstream:remoteref) refs/heads/main refs/remotes/main [40ms]
2024-09-15 08:50:18.492 [info] > git status -z -uall [7ms]
2024-09-15 08:50:18.512 [info] > git for-each-ref --format=%(refname)%00%(upstream:short)%00%(objectname)%00%(upstream:track)%00%(upstream:remotename)%00%(upstream:remoteref) refs/heads/main refs/remotes/main [14ms]
2024-09-15 08:50:18.519 [info] > git config --get commit.template [8ms]
2024-09-15 08:50:18.524 [info] > git config --local branch.main.vscode-merge-base [6ms]
2024-09-15 08:50:18.531 [info] > git for-each-ref --format=%(refname)%00%(upstream:short)%00%(objectname)%00%(upstream:track)%00%(upstream:remotename)%00%(upstream:remoteref) refs/heads/main refs/remotes/main [8ms]
2024-09-15 08:50:18.537 [info] > git status -z -uall [2ms]
2024-09-15 08:50:18.548 [info] > git for-each-ref --format=%(refname)%00%(upstream:short)%00%(objectname)%00%(upstream:track)%00%(upstream:remotename)%00%(upstream:remoteref) refs/heads/main refs/remotes/main [4ms]
2024-09-15 08:50:18.553 [info] > git config --local branch.main.vscode-merge-base [1ms]
2024-09-15 08:50:18.583 [info] > git for-each-ref --format=%(refname)%00%(upstream:short)%00%(objectname)%00%(upstream:track)%00%(upstream:remotename)%00%(upstream:remoteref) refs/heads/origin/main refs/remotes/origin/main [53ms]
2024-09-15 08:50:18.590 [info] > git for-each-ref --format=%(refname)%00%(upstream:short)%00%(objectname)%00%(upstream:track)%00%(upstream:remotename)%00%(upstream:remoteref) refs/heads/origin/main refs/remotes/origin/main [32ms]
2024-09-15 08:50:18.599 [info] > git merge-base refs/heads/main refs/remotes/origin/main [10ms]
2024-09-15 08:50:18.622 [info] > git rev-list --count --left-right refs/heads/main...refs/remotes/origin/main [5ms]
2024-09-15 08:50:18.690 [info] > git diff --name-status -z --diff-filter=ADMR 25d0f05ee1159487952447d9bf45f0255879bae0...refs/remotes/origin/main [52ms]
2024-09-15 08:50:19.824 [info] > git check-ignore -v -z --stdin [12ms]
2024-09-15 08:50:21.963 [info] > git show --textconv :src/styles.css [10ms]
2024-09-15 08:50:21.965 [info] > git ls-files --stage -- /home/srj/repos/srj-17/todo-list/src/styles.css [3ms]
2024-09-15 08:50:21.972 [info] > git cat-file -s e1c76fdb0fb756cb6549c8315c379beafb570681 [2ms]
