2024-09-01 14:31:07.460 [info] [main] Log level: Info
2024-09-01 14:31:07.460 [info] [main] Validating found git in: "git"
2024-09-01 14:31:07.495 [info] [main] Using git "2.34.1" from "git"
2024-09-01 14:31:07.496 [info] [Model][doInitialScan] Initial repository scan started
2024-09-01 14:31:07.555 [info] > git rev-parse --show-toplevel [34ms]
2024-09-01 14:31:07.585 [info] > git rev-parse --git-dir --git-common-dir [19ms]
2024-09-01 14:31:07.622 [info] [Model][openRepository] Opened repository: /home/srj/repos/srj-17/todo-list
2024-09-01 14:31:07.899 [info] > git rev-parse --show-toplevel [203ms]
2024-09-01 14:31:07.900 [info] > git config --get commit.template [211ms]
2024-09-01 14:31:08.117 [info] > git rev-parse --show-toplevel [109ms]
2024-09-01 14:31:08.165 [info] > git for-each-ref --format=%(refname)%00%(upstream:short)%00%(objectname)%00%(upstream:track)%00%(upstream:remotename)%00%(upstream:remoteref) refs/heads/main refs/remotes/main [83ms]
2024-09-01 14:31:08.206 [info] > git rev-parse --show-toplevel [47ms]
2024-09-01 14:31:08.208 [info] [Model][doInitialScan] Initial repository scan completed - repositories (1), closed repositories (0), parent repositories (0), unsafe repositories (0)
2024-09-01 14:31:08.243 [info] > git status -z -uall [11ms]
2024-09-01 14:31:08.262 [info] > git for-each-ref --format=%(refname)%00%(upstream:short)%00%(objectname)%00%(upstream:track)%00%(upstream:remotename)%00%(upstream:remoteref) refs/heads/main refs/remotes/main [13ms]
2024-09-01 14:31:08.273 [info] > git config --get commit.template [10ms]
2024-09-01 14:31:08.274 [info] > git config --local branch.main.vscode-merge-base [6ms]
2024-09-01 14:31:08.294 [info] > git for-each-ref --format=%(refname)%00%(upstream:short)%00%(objectname)%00%(upstream:track)%00%(upstream:remotename)%00%(upstream:remoteref) refs/heads/origin/main refs/remotes/origin/main [15ms]
2024-09-01 14:31:08.303 [info] > git for-each-ref --format=%(refname)%00%(upstream:short)%00%(objectname)%00%(upstream:track)%00%(upstream:remotename)%00%(upstream:remoteref) refs/heads/main refs/remotes/main [10ms]
2024-09-01 14:31:08.310 [info] > git merge-base refs/heads/main refs/remotes/origin/main [10ms]
2024-09-01 14:31:08.320 [info] > git status -z -uall [11ms]
2024-09-01 14:31:08.343 [info] > git for-each-ref --format=%(refname)%00%(upstream:short)%00%(objectname)%00%(upstream:track)%00%(upstream:remotename)%00%(upstream:remoteref) refs/heads/main refs/remotes/main [5ms]
2024-09-01 14:31:08.354 [info] > git rev-list --count --left-right refs/heads/main...refs/remotes/origin/main [35ms]
2024-09-01 14:31:08.409 [info] > git diff --name-status -z --diff-filter=ADMR 25d0f05ee1159487952447d9bf45f0255879bae0...refs/remotes/origin/main [46ms]
2024-09-01 14:31:08.410 [info] > git config --local branch.main.vscode-merge-base [56ms]
2024-09-01 14:31:08.429 [info] > git for-each-ref --format=%(refname)%00%(upstream:short)%00%(objectname)%00%(upstream:track)%00%(upstream:remotename)%00%(upstream:remoteref) refs/heads/origin/main refs/remotes/origin/main [14ms]
2024-09-01 14:31:08.471 [info] > git check-ignore -v -z --stdin [45ms]
2024-09-01 14:31:08.727 [info] > git show --textconv :src/template.html [9ms]
2024-09-01 14:31:08.729 [info] > git ls-files --stage -- /home/srj/repos/srj-17/todo-list/src/template.html [2ms]
2024-09-01 14:31:08.736 [info] > git cat-file -s f4aa66806c0ed4d6303e4553d51b2a564047cb67 [1ms]
2024-09-01 14:31:22.740 [info] > git config --get commit.template [18ms]
2024-09-01 14:31:22.749 [info] > git for-each-ref --format=%(refname)%00%(upstream:short)%00%(objectname)%00%(upstream:track)%00%(upstream:remotename)%00%(upstream:remoteref) refs/heads/main refs/remotes/main [13ms]
2024-09-01 14:31:22.775 [info] > git status -z -uall [8ms]
2024-09-01 14:31:22.811 [info] > git for-each-ref --format=%(refname)%00%(upstream:short)%00%(objectname)%00%(upstream:track)%00%(upstream:remotename)%00%(upstream:remoteref) refs/heads/main refs/remotes/main [15ms]
2024-09-01 14:31:22.840 [info] > git config --local branch.main.vscode-merge-base [12ms]
2024-09-01 14:31:22.870 [info] > git for-each-ref --format=%(refname)%00%(upstream:short)%00%(objectname)%00%(upstream:track)%00%(upstream:remotename)%00%(upstream:remoteref) refs/heads/origin/main refs/remotes/origin/main [10ms]
2024-09-01 14:31:27.831 [info] > git config --get commit.template [6ms]
2024-09-01 14:31:27.864 [info] > git for-each-ref --format=%(refname)%00%(upstream:short)%00%(objectname)%00%(upstream:track)%00%(upstream:remotename)%00%(upstream:remoteref) refs/heads/main refs/remotes/main [17ms]
2024-09-01 14:31:27.900 [info] > git status -z -uall [13ms]
2024-09-01 14:31:27.935 [info] > git for-each-ref --format=%(refname)%00%(upstream:short)%00%(objectname)%00%(upstream:track)%00%(upstream:remotename)%00%(upstream:remoteref) refs/heads/main refs/remotes/main [15ms]
2024-09-01 14:31:27.944 [info] > git config --local branch.main.vscode-merge-base [2ms]
2024-09-01 14:31:27.952 [info] > git for-each-ref --format=%(refname)%00%(upstream:short)%00%(objectname)%00%(upstream:track)%00%(upstream:remotename)%00%(upstream:remoteref) refs/heads/origin/main refs/remotes/origin/main [4ms]
