2024-09-17 05:40:59.743 [info] [main] Log level: Info
2024-09-17 05:40:59.743 [info] [main] Validating found git in: "git"
2024-09-17 05:40:59.743 [info] [main] Using git "2.34.1" from "git"
2024-09-17 05:40:59.743 [info] [Model][doInitialScan] Initial repository scan started
2024-09-17 05:40:59.743 [info] > git rev-parse --show-toplevel [12ms]
2024-09-17 05:40:59.743 [info] > git rev-parse --git-dir --git-common-dir [6ms]
2024-09-17 05:40:59.743 [info] [Model][openRepository] Opened repository: /home/srj/repos/srj-17/todo-list
2024-09-17 05:40:59.780 [info] > git rev-parse --show-toplevel [27ms]
2024-09-17 05:40:59.781 [info] > git config --get commit.template [33ms]
2024-09-17 05:40:59.806 [info] > git rev-parse --show-toplevel [18ms]
2024-09-17 05:40:59.836 [info] > git rev-parse --show-toplevel [7ms]
2024-09-17 05:40:59.847 [info] > git rev-parse --show-toplevel [6ms]
2024-09-17 05:40:59.850 [info] [Model][doInitialScan] Initial repository scan completed - repositories (1), closed repositories (0), parent repositories (0), unsafe repositories (0)
2024-09-17 05:40:59.867 [info] > git for-each-ref --format=%(refname)%00%(upstream:short)%00%(objectname)%00%(upstream:track)%00%(upstream:remotename)%00%(upstream:remoteref) refs/heads/main refs/remotes/main [65ms]
2024-09-17 05:40:59.910 [info] > git status -z -uall [34ms]
2024-09-17 05:40:59.966 [info] > git for-each-ref --format=%(refname)%00%(upstream:short)%00%(objectname)%00%(upstream:track)%00%(upstream:remotename)%00%(upstream:remoteref) refs/heads/main refs/remotes/main [36ms]
2024-09-17 05:40:59.980 [info] > git config --get commit.template [14ms]
2024-09-17 05:40:59.985 [info] > git config --local branch.main.vscode-merge-base [15ms]
2024-09-17 05:41:00.005 [info] > git for-each-ref --format=%(refname)%00%(upstream:short)%00%(objectname)%00%(upstream:track)%00%(upstream:remotename)%00%(upstream:remoteref) refs/heads/main refs/remotes/main [1ms]
2024-09-17 05:41:00.005 [info] > git for-each-ref --format=%(refname)%00%(upstream:short)%00%(objectname)%00%(upstream:track)%00%(upstream:remotename)%00%(upstream:remoteref) refs/heads/origin/main refs/remotes/origin/main [12ms]
2024-09-17 05:41:00.060 [info] > git merge-base refs/heads/main refs/remotes/origin/main [39ms]
2024-09-17 05:41:00.271 [info] > git rev-list --count --left-right refs/heads/main...refs/remotes/origin/main [202ms]
2024-09-17 05:41:00.394 [info] > git check-ignore -v -z --stdin [87ms]
2024-09-17 05:41:00.395 [info] > git diff --name-status -z --diff-filter=ADMR 25d0f05ee1159487952447d9bf45f0255879bae0...refs/remotes/origin/main [101ms]
2024-09-17 05:41:00.437 [info] > git status -z -uall [16ms]
2024-09-17 05:41:00.437 [info] > git show --textconv :src/styles.css [8ms]
2024-09-17 05:41:00.460 [info] > git for-each-ref --format=%(refname)%00%(upstream:short)%00%(objectname)%00%(upstream:track)%00%(upstream:remotename)%00%(upstream:remoteref) refs/heads/main refs/remotes/main [8ms]
2024-09-17 05:41:00.466 [info] > git ls-files --stage -- /home/srj/repos/srj-17/todo-list/src/styles.css [31ms]
2024-09-17 05:41:00.472 [info] > git config --local branch.main.vscode-merge-base [6ms]
2024-09-17 05:41:00.491 [info] > git for-each-ref --format=%(refname)%00%(upstream:short)%00%(objectname)%00%(upstream:track)%00%(upstream:remotename)%00%(upstream:remoteref) refs/heads/origin/main refs/remotes/origin/main [10ms]
2024-09-17 05:41:00.492 [info] > git cat-file -s e1c76fdb0fb756cb6549c8315c379beafb570681 [22ms]
