2024-09-06 07:21:28.914 [info] [main] Log level: Info
2024-09-06 07:21:28.914 [info] [main] Validating found git in: "git"
2024-09-06 07:21:28.914 [info] [main] Using git "2.34.1" from "git"
2024-09-06 07:21:28.914 [info] [Model][doInitialScan] Initial repository scan started
2024-09-06 07:21:28.914 [info] > git rev-parse --show-toplevel [4ms]
2024-09-06 07:21:28.914 [info] > git rev-parse --git-dir --git-common-dir [3ms]
2024-09-06 07:21:28.914 [info] [Model][openRepository] Opened repository: /home/srj/repos/srj-17/todo-list
2024-09-06 07:21:28.914 [info] > git config --get commit.template [48ms]
2024-09-06 07:21:28.914 [info] > git rev-parse --show-toplevel [614ms]
2024-09-06 07:21:28.914 [info] > git rev-parse --show-toplevel [33ms]
2024-09-06 07:21:28.914 [info] > git for-each-ref --format=%(refname)%00%(upstream:short)%00%(objectname)%00%(upstream:track)%00%(upstream:remotename)%00%(upstream:remoteref) refs/heads/main refs/remotes/main [42ms]
2024-09-06 07:21:28.928 [info] > git rev-parse --show-toplevel [3ms]
2024-09-06 07:21:28.931 [info] [Model][doInitialScan] Initial repository scan completed - repositories (1), closed repositories (0), parent repositories (0), unsafe repositories (0)
2024-09-06 07:21:28.996 [info] > git status -z -uall [19ms]
2024-09-06 07:21:29.060 [info] > git for-each-ref --format=%(refname)%00%(upstream:short)%00%(objectname)%00%(upstream:track)%00%(upstream:remotename)%00%(upstream:remoteref) refs/heads/main refs/remotes/main [49ms]
2024-09-06 07:21:29.087 [info] > git config --local branch.main.vscode-merge-base [10ms]
2024-09-06 07:21:29.099 [info] > git config --get commit.template [47ms]
2024-09-06 07:21:29.153 [info] > git for-each-ref --format=%(refname)%00%(upstream:short)%00%(objectname)%00%(upstream:track)%00%(upstream:remotename)%00%(upstream:remoteref) refs/heads/origin/main refs/remotes/origin/main [55ms]
2024-09-06 07:21:29.225 [info] > git merge-base refs/heads/main refs/remotes/origin/main [57ms]
2024-09-06 07:21:29.238 [info] > git for-each-ref --format=%(refname)%00%(upstream:short)%00%(objectname)%00%(upstream:track)%00%(upstream:remotename)%00%(upstream:remoteref) refs/heads/main refs/remotes/main [23ms]
2024-09-06 07:21:29.257 [info] > git rev-list --count --left-right refs/heads/main...refs/remotes/origin/main [24ms]
2024-09-06 07:21:29.304 [info] > git diff --name-status -z --diff-filter=ADMR 25d0f05ee1159487952447d9bf45f0255879bae0...refs/remotes/origin/main [36ms]
2024-09-06 07:21:29.362 [info] > git check-ignore -v -z --stdin [37ms]
2024-09-06 07:21:29.383 [info] > git status -z -uall [5ms]
2024-09-06 07:21:29.411 [info] > git for-each-ref --format=%(refname)%00%(upstream:short)%00%(objectname)%00%(upstream:track)%00%(upstream:remotename)%00%(upstream:remoteref) refs/heads/main refs/remotes/main [13ms]
2024-09-06 07:21:29.422 [info] > git config --local branch.main.vscode-merge-base [5ms]
2024-09-06 07:21:29.443 [info] > git for-each-ref --format=%(refname)%00%(upstream:short)%00%(objectname)%00%(upstream:track)%00%(upstream:remotename)%00%(upstream:remoteref) refs/heads/origin/main refs/remotes/origin/main [5ms]
2024-09-06 07:21:30.063 [info] > git show --textconv :src/template.html [18ms]
2024-09-06 07:21:30.069 [info] > git ls-files --stage -- /home/srj/repos/srj-17/todo-list/src/template.html [12ms]
2024-09-06 07:21:30.081 [info] > git cat-file -s f4aa66806c0ed4d6303e4553d51b2a564047cb67 [0ms]
