2024-09-11 08:12:38.097 [info] Getting Manifest... ms-python.vscode-pylance
2024-09-11 08:12:38.103 [info] Getting Manifest... vscodevim.vim
2024-09-11 08:12:38.349 [info] Installing extension: ms-python.vscode-pylance {"productVersion":{"version":"1.92.1","date":"2024-08-07T20:16:39.455Z"},"pinned":false,"isApplicationScoped":false,"profileLocation":{"$mid":1,"external":"vscode-userdata:/home/srj/.vscode/extensions/extensions.json","path":"/home/srj/.vscode/extensions/extensions.json","scheme":"vscode-userdata"},"installOnlyNewlyAddedFromExtensionPack":true}
2024-09-11 08:12:38.376 [info] Installing extension: vscodevim.vim {"productVersion":{"version":"1.92.1","date":"2024-08-07T20:16:39.455Z"},"pinned":false,"isApplicationScoped":false,"profileLocation":{"$mid":1,"external":"vscode-userdata:/home/srj/.vscode/extensions/extensions.json","path":"/home/srj/.vscode/extensions/extensions.json","scheme":"vscode-userdata"},"installOnlyNewlyAddedFromExtensionPack":true}
2024-09-11 08:12:40.092 [info] Getting Manifest... ms-python.python
2024-09-11 08:12:41.219 [info] Extension signature verification result for vscodevim.vim: Success. Executed: true. Duration: 1754ms.
2024-09-11 08:12:41.291 [info] Extracted extension to file:///home/srj/.vscode/extensions/vscodevim.vim-1.28.1: vscodevim.vim
2024-09-11 08:12:41.300 [info] Renamed to /home/srj/.vscode/extensions/vscodevim.vim-1.28.1
2024-09-11 08:12:41.343 [info] Marked extension as uninstalled vscodevim.vim-1.28.0
2024-09-11 08:12:41.352 [info] Extension installed successfully: vscodevim.vim vscode-userdata:/home/srj/.vscode/extensions/extensions.json
2024-09-11 08:12:41.391 [error] [uncaught exception in sharedProcess]: Error: ENOENT: no such file or directory, stat '/home/srj/.vscode/extensions/extensions.json.vsctmp': EntryNotFound (FileSystemError): Error: ENOENT: no such file or directory, stat '/home/srj/.vscode/extensions/extensions.json.vsctmp'
    at o.create (/usr/share/code/resources/app/out/vs/code/node/sharedProcess/sharedProcessMain.js:54:19408)
    at u (/usr/share/code/resources/app/out/vs/code/node/sharedProcess/sharedProcessMain.js:54:19519)
    at p.hb (/usr/share/code/resources/app/out/vs/code/node/sharedProcess/sharedProcessMain.js:59:36714)
    at p.stat (/usr/share/code/resources/app/out/vs/code/node/sharedProcess/sharedProcessMain.js:59:29034)
    at async c.stat (/usr/share/code/resources/app/out/vs/code/node/sharedProcess/sharedProcessMain.js:59:14940)
    at async z.ub (/usr/share/code/resources/app/out/vs/code/node/sharedProcess/sharedProcessMain.js:105:120384)
2024-09-11 08:12:45.164 [info] Extension signature verification result for ms-python.vscode-pylance: Success. Executed: true. Duration: 1392ms.
2024-09-11 08:12:49.954 [info] Extracted extension to file:///home/srj/.vscode/extensions/ms-python.vscode-pylance-2024.9.1: ms-python.vscode-pylance
2024-09-11 08:12:49.967 [info] Renamed to /home/srj/.vscode/extensions/ms-python.vscode-pylance-2024.9.1
2024-09-11 08:12:50.016 [info] Marked extension as uninstalled ms-python.vscode-pylance-2024.8.2
2024-09-11 08:12:50.024 [info] Extension installed successfully: ms-python.vscode-pylance vscode-userdata:/home/srj/.vscode/extensions/extensions.json
2024-09-11 08:12:50.065 [error] [uncaught exception in sharedProcess]: Error: ENOENT: no such file or directory, stat '/home/srj/.vscode/extensions/extensions.json.vsctmp': EntryNotFound (FileSystemError): Error: ENOENT: no such file or directory, stat '/home/srj/.vscode/extensions/extensions.json.vsctmp'
    at o.create (/usr/share/code/resources/app/out/vs/code/node/sharedProcess/sharedProcessMain.js:54:19408)
    at u (/usr/share/code/resources/app/out/vs/code/node/sharedProcess/sharedProcessMain.js:54:19519)
    at p.hb (/usr/share/code/resources/app/out/vs/code/node/sharedProcess/sharedProcessMain.js:59:36714)
    at p.stat (/usr/share/code/resources/app/out/vs/code/node/sharedProcess/sharedProcessMain.js:59:29034)
    at async c.stat (/usr/share/code/resources/app/out/vs/code/node/sharedProcess/sharedProcessMain.js:59:14940)
    at async z.ub (/usr/share/code/resources/app/out/vs/code/node/sharedProcess/sharedProcessMain.js:105:120384)
2024-09-11 08:17:56.138 [info] Getting Manifest... asvetliakov.vscode-neovim
2024-09-11 08:17:56.154 [info] Installing extension: asvetliakov.vscode-neovim {"isMachineScoped":false,"installPreReleaseVersion":false,"pinned":false,"profileLocation":{"$mid":1,"external":"vscode-userdata:/home/srj/.vscode/extensions/extensions.json","path":"/home/srj/.vscode/extensions/extensions.json","scheme":"vscode-userdata"},"installOnlyNewlyAddedFromExtensionPack":true,"isApplicationScoped":false,"productVersion":{"version":"1.92.1","date":"2024-08-07T20:16:39.455Z"}}
2024-09-11 08:17:59.153 [info] Extension signature verification result for asvetliakov.vscode-neovim: Success. Executed: true. Duration: 1833ms.
2024-09-11 08:17:59.250 [info] Extracted extension to file:///home/srj/.vscode/extensions/asvetliakov.vscode-neovim-1.18.11: asvetliakov.vscode-neovim
2024-09-11 08:17:59.256 [info] Renamed to /home/srj/.vscode/extensions/asvetliakov.vscode-neovim-1.18.11
2024-09-11 08:17:59.370 [error] [uncaught exception in sharedProcess]: Error: ENOENT: no such file or directory, stat '/home/srj/.vscode/extensions/extensions.json.vsctmp': EntryNotFound (FileSystemError): Error: ENOENT: no such file or directory, stat '/home/srj/.vscode/extensions/extensions.json.vsctmp'
    at o.create (/usr/share/code/resources/app/out/vs/code/node/sharedProcess/sharedProcessMain.js:54:19408)
    at u (/usr/share/code/resources/app/out/vs/code/node/sharedProcess/sharedProcessMain.js:54:19519)
    at p.hb (/usr/share/code/resources/app/out/vs/code/node/sharedProcess/sharedProcessMain.js:59:36714)
    at p.stat (/usr/share/code/resources/app/out/vs/code/node/sharedProcess/sharedProcessMain.js:59:29034)
    at async c.stat (/usr/share/code/resources/app/out/vs/code/node/sharedProcess/sharedProcessMain.js:59:14940)
    at async z.ub (/usr/share/code/resources/app/out/vs/code/node/sharedProcess/sharedProcessMain.js:105:120384)
2024-09-11 08:17:59.388 [info] Extension installed successfully: asvetliakov.vscode-neovim vscode-userdata:/home/srj/.vscode/extensions/extensions.json
