2024-09-11 08:12:35.732 [info] Configuration changed
2024-09-11 08:12:35.931 [info] Configuration changed
2024-09-11 08:12:36.282 [info] Configuration changed
2024-09-11 08:13:14.018 [info] /home/srj/repos/srj-17/todo-list/src/template.html.git closed
2024-09-11 08:13:15.554 [info] Active editor: file:///home/srj/repos/srj-17/todo-list/src/template.html
2024-09-11 08:13:40.644 [info] Active editor: file:///home/srj/repos/srj-17/todo-list/src/styles.css
2024-09-11 08:13:40.719 [info] /home/srj/repos/srj-17/todo-list/src/template.html.git closed
2024-09-11 08:14:23.636 [info] /home/srj/.config/Code/User/settings.json closed
2024-09-11 08:14:23.651 [info] Configuration changed
2024-09-11 08:14:27.077 [info] /home/srj/.config/Code/User/settings.json closed
2024-09-11 08:14:27.109 [info] Configuration changed
2024-09-11 08:15:18.388 [info] /home/srj/.config/Code/User/settings.json closed
2024-09-11 08:15:18.493 [info] Configuration changed
2024-09-11 08:17:17.371 [info] /home/srj/repos/srj-17/todo-list/src/styles.css.git closed
2024-09-11 08:17:59.460 [info] Configuration changed
2024-09-11 08:19:35.646 [info] Configuration changed
2024-09-11 08:19:43.104 [info] Active editor: file:///home/srj/repos/srj-17/todo-list/src/styles.css
2024-09-11 08:23:57.722 [info] Active editor: file:///home/srj/repos/srj-17/todo-list/src/template.html
2024-09-11 08:23:57.751 [info] /home/srj/repos/srj-17/todo-list/src/styles.css.git closed
2024-09-11 08:24:17.391 [info] /home/srj/repos/srj-17/todo-list/src/template.html.git closed
2024-09-11 08:25:15.430 [info] Active editor: file:///home/srj/repos/srj-17/todo-list/src/template.html
2024-09-11 08:25:27.205 [info] Active editor: file:///home/srj/repos/srj-17/todo-list/src/styles.css
2024-09-11 08:25:27.225 [info] /home/srj/repos/srj-17/todo-list/src/template.html.git closed
2024-09-11 08:25:55.772 [info] Active editor: file:///home/srj/repos/srj-17/todo-list/src/template.html
2024-09-11 08:25:55.793 [info] /home/srj/repos/srj-17/todo-list/src/styles.css.git closed
2024-09-11 08:26:13.206 [info] /home/srj/repos/srj-17/todo-list/src/template.html.git closed
2024-09-11 08:27:39.512 [info] Active editor: file:///home/srj/repos/srj-17/todo-list/src/template.html
2024-09-11 08:27:49.039 [info] Active editor: file:///home/srj/repos/srj-17/todo-list/src/styles.css
2024-09-11 08:27:49.057 [info] /home/srj/repos/srj-17/todo-list/src/template.html.git closed
2024-09-11 08:28:04.985 [info] Active editor: file:///home/srj/repos/srj-17/todo-list/src/template.html
2024-09-11 08:28:05.000 [info] /home/srj/repos/srj-17/todo-list/src/styles.css.git closed
2024-09-11 08:28:13.195 [info] Active editor: file:///home/srj/repos/srj-17/todo-list/src/styles.css
2024-09-11 08:28:13.208 [info] /home/srj/repos/srj-17/todo-list/src/template.html.git closed
2024-09-11 08:29:29.349 [info] Executing :w
2024-09-11 08:29:37.322 [info] Active editor: file:///home/srj/repos/srj-17/todo-list/src/template.html
2024-09-11 08:29:37.353 [info] /home/srj/repos/srj-17/todo-list/src/styles.css.git closed
2024-09-11 08:29:40.108 [info] Active editor: file:///home/srj/repos/srj-17/todo-list/src/styles.css
2024-09-11 08:29:40.125 [info] /home/srj/repos/srj-17/todo-list/src/template.html.git closed
