2024-09-01 13:07:03.663 [info] [main] Log level: Info
2024-09-01 13:07:03.663 [info] [main] Validating found git in: "git"
2024-09-01 13:07:03.663 [info] [main] Using git "2.34.1" from "git"
2024-09-01 13:07:03.663 [info] [Model][doInitialScan] Initial repository scan started
2024-09-01 13:07:03.663 [info] > git rev-parse --show-toplevel [402ms]
2024-09-01 13:07:03.666 [info] > git rev-parse --git-dir --git-common-dir [28ms]
2024-09-01 13:07:03.684 [info] [Model][openRepository] Opened repository: /home/srj/repos/srj-17/todo-list
2024-09-01 13:07:03.720 [info] > git rev-parse --show-toplevel [6ms]
2024-09-01 13:07:03.721 [info] > git config --get commit.template [25ms]
2024-09-01 13:07:03.761 [info] > git rev-parse --show-toplevel [21ms]
2024-09-01 13:07:03.802 [info] > git for-each-ref --format=%(refname)%00%(upstream:short)%00%(objectname)%00%(upstream:track)%00%(upstream:remotename)%00%(upstream:remoteref) refs/heads/main refs/remotes/main [49ms]
2024-09-01 13:07:03.806 [info] > git rev-parse --show-toplevel [5ms]
2024-09-01 13:07:03.808 [info] [Model][doInitialScan] Initial repository scan completed - repositories (1), closed repositories (0), parent repositories (0), unsafe repositories (0)
2024-09-01 13:07:03.839 [info] > git status -z -uall [22ms]
2024-09-01 13:07:03.876 [info] > git for-each-ref --format=%(refname)%00%(upstream:short)%00%(objectname)%00%(upstream:track)%00%(upstream:remotename)%00%(upstream:remoteref) refs/heads/main refs/remotes/main [27ms]
2024-09-01 13:07:03.888 [info] > git config --get commit.template [14ms]
2024-09-01 13:07:03.889 [info] > git config --local branch.main.vscode-merge-base [3ms]
2024-09-01 13:07:03.902 [info] > git for-each-ref --format=%(refname)%00%(upstream:short)%00%(objectname)%00%(upstream:track)%00%(upstream:remotename)%00%(upstream:remoteref) refs/heads/origin/main refs/remotes/origin/main [7ms]
2024-09-01 13:07:03.914 [info] > git for-each-ref --format=%(refname)%00%(upstream:short)%00%(objectname)%00%(upstream:track)%00%(upstream:remotename)%00%(upstream:remoteref) refs/heads/main refs/remotes/main [13ms]
2024-09-01 13:07:03.949 [info] > git status -z -uall [28ms]
2024-09-01 13:07:03.958 [info] > git merge-base refs/heads/main refs/remotes/origin/main [48ms]
2024-09-01 13:07:03.969 [info] > git rev-list --count --left-right refs/heads/main...refs/remotes/origin/main [4ms]
2024-09-01 13:07:03.975 [info] > git for-each-ref --format=%(refname)%00%(upstream:short)%00%(objectname)%00%(upstream:track)%00%(upstream:remotename)%00%(upstream:remoteref) refs/heads/main refs/remotes/main [21ms]
2024-09-01 13:07:04.001 [info] > git config --local branch.main.vscode-merge-base [5ms]
2024-09-01 13:07:04.008 [info] > git diff --name-status -z --diff-filter=ADMR 25d0f05ee1159487952447d9bf45f0255879bae0...refs/remotes/origin/main [33ms]
2024-09-01 13:07:04.011 [info] > git for-each-ref --format=%(refname)%00%(upstream:short)%00%(objectname)%00%(upstream:track)%00%(upstream:remotename)%00%(upstream:remoteref) refs/heads/origin/main refs/remotes/origin/main [4ms]
2024-09-01 13:07:04.458 [info] > git show --textconv :src/template.html [23ms]
2024-09-01 13:07:04.471 [info] > git ls-files --stage -- /home/srj/repos/srj-17/todo-list/src/template.html [14ms]
2024-09-01 13:07:04.491 [info] > git check-ignore -v -z --stdin [23ms]
2024-09-01 13:07:04.497 [info] > git cat-file -s f4aa66806c0ed4d6303e4553d51b2a564047cb67 [15ms]
2024-09-01 13:12:00.568 [info] > git show --textconv :src/styles.css [8ms]
2024-09-01 13:12:00.573 [info] > git ls-files --stage -- /home/srj/repos/srj-17/todo-list/src/styles.css [6ms]
2024-09-01 13:12:00.579 [info] > git cat-file -s 8b137891791fe96927ad78e64b0aad7bded08bdc [2ms]
2024-09-01 13:12:07.838 [info] > git config --get commit.template [14ms]
2024-09-01 13:12:07.840 [info] > git for-each-ref --format=%(refname)%00%(upstream:short)%00%(objectname)%00%(upstream:track)%00%(upstream:remotename)%00%(upstream:remoteref) refs/heads/main refs/remotes/main [11ms]
2024-09-01 13:12:07.846 [info] > git status -z -uall [2ms]
2024-09-01 13:12:07.856 [info] > git for-each-ref --format=%(refname)%00%(upstream:short)%00%(objectname)%00%(upstream:track)%00%(upstream:remotename)%00%(upstream:remoteref) refs/heads/main refs/remotes/main [5ms]
2024-09-01 13:12:07.864 [info] > git config --local branch.main.vscode-merge-base [2ms]
2024-09-01 13:12:07.872 [info] > git for-each-ref --format=%(refname)%00%(upstream:short)%00%(objectname)%00%(upstream:track)%00%(upstream:remotename)%00%(upstream:remoteref) refs/heads/origin/main refs/remotes/origin/main [3ms]
2024-09-01 13:14:22.283 [info] > git config --get commit.template [21ms]
2024-09-01 13:14:22.289 [info] > git for-each-ref --format=%(refname)%00%(upstream:short)%00%(objectname)%00%(upstream:track)%00%(upstream:remotename)%00%(upstream:remoteref) refs/heads/main refs/remotes/main [11ms]
2024-09-01 13:14:22.311 [info] > git status -z -uall [6ms]
2024-09-01 13:14:22.325 [info] > git for-each-ref --format=%(refname)%00%(upstream:short)%00%(objectname)%00%(upstream:track)%00%(upstream:remotename)%00%(upstream:remoteref) refs/heads/main refs/remotes/main [5ms]
2024-09-01 13:14:22.332 [info] > git config --local branch.main.vscode-merge-base [2ms]
2024-09-01 13:14:22.338 [info] > git for-each-ref --format=%(refname)%00%(upstream:short)%00%(objectname)%00%(upstream:track)%00%(upstream:remotename)%00%(upstream:remoteref) refs/heads/origin/main refs/remotes/origin/main [2ms]
2024-09-01 13:14:34.955 [info] > git config --get commit.template [27ms]
2024-09-01 13:14:34.962 [info] > git for-each-ref --format=%(refname)%00%(upstream:short)%00%(objectname)%00%(upstream:track)%00%(upstream:remotename)%00%(upstream:remoteref) refs/heads/main refs/remotes/main [10ms]
2024-09-01 13:14:34.989 [info] > git status -z -uall [10ms]
2024-09-01 13:14:35.013 [info] > git for-each-ref --format=%(refname)%00%(upstream:short)%00%(objectname)%00%(upstream:track)%00%(upstream:remotename)%00%(upstream:remoteref) refs/heads/main refs/remotes/main [8ms]
2024-09-01 13:14:35.035 [info] > git config --local branch.main.vscode-merge-base [9ms]
2024-09-01 13:14:35.047 [info] > git for-each-ref --format=%(refname)%00%(upstream:short)%00%(objectname)%00%(upstream:track)%00%(upstream:remotename)%00%(upstream:remoteref) refs/heads/origin/main refs/remotes/origin/main [3ms]
2024-09-01 13:14:40.052 [info] > git config --get commit.template [23ms]
2024-09-01 13:14:40.060 [info] > git for-each-ref --format=%(refname)%00%(upstream:short)%00%(objectname)%00%(upstream:track)%00%(upstream:remotename)%00%(upstream:remoteref) refs/heads/main refs/remotes/main [12ms]
2024-09-01 13:14:40.089 [info] > git status -z -uall [9ms]
2024-09-01 13:14:40.132 [info] > git for-each-ref --format=%(refname)%00%(upstream:short)%00%(objectname)%00%(upstream:track)%00%(upstream:remotename)%00%(upstream:remoteref) refs/heads/main refs/remotes/main [13ms]
2024-09-01 13:14:40.146 [info] > git config --local branch.main.vscode-merge-base [3ms]
2024-09-01 13:14:40.157 [info] > git for-each-ref --format=%(refname)%00%(upstream:short)%00%(objectname)%00%(upstream:track)%00%(upstream:remotename)%00%(upstream:remoteref) refs/heads/origin/main refs/remotes/origin/main [3ms]
2024-09-01 13:14:46.606 [info] > git show --textconv :src/template.html [15ms]
2024-09-01 13:14:46.610 [info] > git ls-files --stage -- /home/srj/repos/srj-17/todo-list/src/template.html [6ms]
2024-09-01 13:14:46.620 [info] > git cat-file -s f4aa66806c0ed4d6303e4553d51b2a564047cb67 [3ms]
2024-09-01 13:15:08.446 [info] > git show --textconv :src/template.html [17ms]
2024-09-01 13:15:08.450 [info] > git ls-files --stage -- /home/srj/repos/srj-17/todo-list/src/template.html [6ms]
2024-09-01 13:15:08.466 [info] > git cat-file -s f4aa66806c0ed4d6303e4553d51b2a564047cb67 [6ms]
2024-09-01 13:47:59.703 [info] > git ls-files --stage -- /home/srj/repos/srj-17/todo-list/src/template.html [87ms]
2024-09-01 13:47:59.722 [info] > git show --textconv :src/template.html [113ms]
2024-09-01 13:47:59.728 [info] > git cat-file -s f4aa66806c0ed4d6303e4553d51b2a564047cb67 [7ms]
2024-09-01 13:49:33.616 [info] > git config --get commit.template [18ms]
2024-09-01 13:49:33.647 [info] > git for-each-ref --format=%(refname)%00%(upstream:short)%00%(objectname)%00%(upstream:track)%00%(upstream:remotename)%00%(upstream:remoteref) refs/heads/main refs/remotes/main [36ms]
2024-09-01 13:49:33.672 [info] > git status -z -uall [12ms]
2024-09-01 13:49:33.688 [info] > git for-each-ref --format=%(refname)%00%(upstream:short)%00%(objectname)%00%(upstream:track)%00%(upstream:remotename)%00%(upstream:remoteref) refs/heads/main refs/remotes/main [6ms]
2024-09-01 13:49:33.696 [info] > git config --local branch.main.vscode-merge-base [1ms]
2024-09-01 13:49:33.703 [info] > git for-each-ref --format=%(refname)%00%(upstream:short)%00%(objectname)%00%(upstream:track)%00%(upstream:remotename)%00%(upstream:remoteref) refs/heads/origin/main refs/remotes/origin/main [3ms]
