2024-09-01 15:13:10.445 [info] [main] Log level: Info
2024-09-01 15:13:10.445 [info] [main] Validating found git in: "git"
2024-09-01 15:13:10.523 [info] [main] Using git "2.34.1" from "git"
2024-09-01 15:13:10.523 [info] [Model][doInitialScan] Initial repository scan started
2024-09-01 15:13:10.597 [info] > git rev-parse --show-toplevel [52ms]
2024-09-01 15:13:10.900 [info] > git rev-parse --git-dir --git-common-dir [287ms]
2024-09-01 15:13:10.923 [info] [Model][openRepository] Opened repository: /home/srj/repos/srj-17/todo-list
2024-09-01 15:13:11.047 [info] > git rev-parse --show-toplevel [18ms]
2024-09-01 15:13:11.048 [info] > git config --get commit.template [23ms]
2024-09-01 15:13:11.081 [info] > git rev-parse --show-toplevel [28ms]
2024-09-01 15:13:11.095 [info] > git rev-parse --show-toplevel [2ms]
2024-09-01 15:13:11.097 [info] [Model][doInitialScan] Initial repository scan completed - repositories (1), closed repositories (0), parent repositories (0), unsafe repositories (0)
2024-09-01 15:13:11.097 [info] > git for-each-ref --format=%(refname)%00%(upstream:short)%00%(objectname)%00%(upstream:track)%00%(upstream:remotename)%00%(upstream:remoteref) refs/heads/main refs/remotes/main [37ms]
2024-09-01 15:13:11.118 [info] > git status -z -uall [11ms]
2024-09-01 15:13:11.153 [info] > git for-each-ref --format=%(refname)%00%(upstream:short)%00%(objectname)%00%(upstream:track)%00%(upstream:remotename)%00%(upstream:remoteref) refs/heads/main refs/remotes/main [24ms]
2024-09-01 15:13:11.172 [info] > git config --get commit.template [19ms]
2024-09-01 15:13:11.208 [info] > git config --local branch.main.vscode-merge-base [47ms]
2024-09-01 15:13:11.308 [info] > git for-each-ref --format=%(refname)%00%(upstream:short)%00%(objectname)%00%(upstream:track)%00%(upstream:remotename)%00%(upstream:remoteref) refs/heads/origin/main refs/remotes/origin/main [76ms]
2024-09-01 15:13:11.315 [info] > git for-each-ref --format=%(refname)%00%(upstream:short)%00%(objectname)%00%(upstream:track)%00%(upstream:remotename)%00%(upstream:remoteref) refs/heads/main refs/remotes/main [107ms]
2024-09-01 15:13:11.344 [info] > git merge-base refs/heads/main refs/remotes/origin/main [30ms]
2024-09-01 15:13:11.354 [info] > git rev-list --count --left-right refs/heads/main...refs/remotes/origin/main [4ms]
2024-09-01 15:13:11.377 [info] > git diff --name-status -z --diff-filter=ADMR 25d0f05ee1159487952447d9bf45f0255879bae0...refs/remotes/origin/main [13ms]
2024-09-01 15:13:11.382 [info] > git status -z -uall [13ms]
2024-09-01 15:13:11.403 [info] > git for-each-ref --format=%(refname)%00%(upstream:short)%00%(objectname)%00%(upstream:track)%00%(upstream:remotename)%00%(upstream:remoteref) refs/heads/main refs/remotes/main [9ms]
2024-09-01 15:13:11.413 [info] > git config --local branch.main.vscode-merge-base [4ms]
2024-09-01 15:13:11.446 [info] > git for-each-ref --format=%(refname)%00%(upstream:short)%00%(objectname)%00%(upstream:track)%00%(upstream:remotename)%00%(upstream:remoteref) refs/heads/origin/main refs/remotes/origin/main [21ms]
2024-09-01 15:13:11.449 [info] > git check-ignore -v -z --stdin [5ms]
2024-09-01 15:13:17.054 [info] > git show --textconv :src/template.html [8ms]
2024-09-01 15:13:17.056 [info] > git ls-files --stage -- /home/srj/repos/srj-17/todo-list/src/template.html [3ms]
2024-09-01 15:13:17.067 [info] > git cat-file -s f4aa66806c0ed4d6303e4553d51b2a564047cb67 [5ms]
